New log file opened at Thu Mar 31 15:51:32 EET 2016 by 17209@arch
Sending msg to client activator-2f763fce-49b5-47ad-9c1f-f10cd7aa7b36: DetachedLogEvent(LogMessage(debug,sbt server socket logs are in: /run/media/ahmed/main/mis/.sbtserver/connections/master.log))
Sending msg to client activator-2f763fce-49b5-47ad-9c1f-f10cd7aa7b36: DetachedLogEvent(LogMessage(debug,sbt general server logs are in: /run/media/ahmed/main/mis/.sbtserver/master.log))
Sending msg to client activator-2f763fce-49b5-47ad-9c1f-f10cd7aa7b36: DetachedLogEvent(LogMessage(debug,sbt client logs are in: /run/media/ahmed/main/mis/.sbtserver/connections/activator-2f763fce-49b5-47ad-9c1f-f10cd7aa7b36.log))
Reading next message from client.
Got request: ListenToEvents()
Reading next message from client.
Got request: ListenToBuildChange()
Reading next message from client.
Got request: SendSyntheticBuildChanged()
Reading next message from client.
Got request: KeyLookupRequest(discoveredMainClasses)
Reading next message from client.
Got request: KeyLookupRequest(mainClass)
Reading next message from client.
Got request: KillServerRequest()
Reading next message from client.
Got request: ExecutionRequest(compile)
Reading next message from client.
Got request: ExecutionRequest(eclipse)
Reading next message from client.
